<html>
<head>
<title>TestNG:  Default test</title>
<link href="../testng.css" rel="stylesheet" type="text/css" />
<link href="../my-testng.css" rel="stylesheet" type="text/css" />

<style type="text/css">
.log { display: none;} 
.stack-trace { display: none;} 
</style>
<script type="text/javascript">
<!--
function flip(e) {
  current = e.style.display;
  if (current == 'block') {
    e.style.display = 'none';
    return 0;
  }
  else {
    e.style.display = 'block';
    return 1;
  }
}

function toggleBox(szDivId, elem, msg1, msg2)
{
  var res = -1;  if (document.getElementById) {
    res = flip(document.getElementById(szDivId));
  }
  else if (document.all) {
    // this is the way old msie versions work
    res = flip(document.all[szDivId]);
  }
  if(elem) {
    if(res == 0) elem.innerHTML = msg1; else elem.innerHTML = msg2;
  }

}

function toggleAllBoxes() {
  if (document.getElementsByTagName) {
    d = document.getElementsByTagName('div');
    for (i = 0; i < d.length; i++) {
      if (d[i].className == 'log') {
        flip(d[i]);
      }
    }
  }
}

// -->
</script>

</head>
<body>
<h2 align='center'>Default test</h2><table border='1' align="center">
<tr>
<td>Tests passed/Failed/Skipped:</td><td>3/1/0</td>
</tr><tr>
<td>Started on:</td><td>Sat Jun 12 15:54:43 NZST 2021</td>
</tr>
<tr><td>Total time:</td><td>58 seconds (58934 ms)</td>
</tr><tr>
<td>Included groups:</td><td></td>
</tr><tr>
<td>Excluded groups:</td><td></td>
</tr>
</table><p/>
<small><i>(Hover the method name to see the test class name)</i></small><p/>
<table width='100%' border='1' class='invocation-failed'>
<tr><td colspan='4' align='center'><b>FAILED TESTS</b></td></tr>
<tr><td><b>Test method</b></td>
<td width="30%"><b>Exception</b></td>
<td width="10%"><b>Time (seconds)</b></td>
<td><b>Instance</b></td>
</tr>
<tr>
<td title='runner.RunnerTest.runScenario()'><b>runScenario</b><br>Test class: runner.RunnerTest<br>Test method: Runs Cucumber Scenarios<br>Parameters: "Verify that the user able to transfer the funds from the funds transfer tab", "Optional[parabank]"</td>
<td><div><pre>org.openqa.selenium.NoSuchElementException: Cannot locate option with index: 2
For documentation on this error, please visit: https://www.seleniumhq.org/exceptions/no_such_element.html
Build info: version: &apos;4.0.0-alpha-2&apos;, revision: &apos;f148142cf8&apos;, time: &apos;2019-07-01T20:55:26&apos;
System info: host: &apos;LAPTOP-NL4VL4N7&apos;, ip: &apos;192.168.1.43&apos;, os.name: &apos;Windows 10&apos;, os.arch: &apos;amd64&apos;, os.version: &apos;10.0&apos;, java.version: &apos;11.0.2&apos;
Driver info: driver.version: unknown
	at org.openqa.selenium.support.ui.Select.setSelectedByIndex(Select.java:298)
	at org.openqa.selenium.support.ui.Select.selectByIndex(Select.java:173)
	at pages.FundsTransfer.dd1(FundsTransfer.java:39)
	at stepdefinition.FundsTransferSD.user_ables_to_enter_the_amount_select_the_accounts(FundsTransferSD.java:57)
	at ?.User ables to enter the amount and select the accounts(file:///C:/Java%20Navi/maven/src/test/resources/login.feature:32)
</pre></div><a href='#' onClick='toggleBox("stack-trace736236438", this, "Click to show all stack frames", "Click to hide stack frames")'>Click to show all stack frames</a>
<div class='stack-trace' id='stack-trace736236438'><pre>org.openqa.selenium.NoSuchElementException: Cannot locate option with index: 2
For documentation on this error, please visit: https://www.seleniumhq.org/exceptions/no_such_element.html
Build info: version: &apos;4.0.0-alpha-2&apos;, revision: &apos;f148142cf8&apos;, time: &apos;2019-07-01T20:55:26&apos;
System info: host: &apos;LAPTOP-NL4VL4N7&apos;, ip: &apos;192.168.1.43&apos;, os.name: &apos;Windows 10&apos;, os.arch: &apos;amd64&apos;, os.version: &apos;10.0&apos;, java.version: &apos;11.0.2&apos;
Driver info: driver.version: unknown
	at org.openqa.selenium.support.ui.Select.setSelectedByIndex(Select.java:298)
	at org.openqa.selenium.support.ui.Select.selectByIndex(Select.java:173)
	at pages.FundsTransfer.dd1(FundsTransfer.java:39)
	at stepdefinition.FundsTransferSD.user_ables_to_enter_the_amount_select_the_accounts(FundsTransferSD.java:57)
	at ?.User ables to enter the amount and select the accounts(file:///C:/Java%20Navi/maven/src/test/resources/login.feature:32)
</pre></div></td>
<td>4</td>
<td>runner.RunnerTest@1613674b</td></tr>
</table><p>
<table width='100%' border='1' class='invocation-passed'>
<tr><td colspan='4' align='center'><b>PASSED TESTS</b></td></tr>
<tr><td><b>Test method</b></td>
<td width="30%"><b>Exception</b></td>
<td width="10%"><b>Time (seconds)</b></td>
<td><b>Instance</b></td>
</tr>
<tr>
<td title='runner.RunnerTest.runScenario()'><b>runScenario</b><br>Test class: runner.RunnerTest<br>Test method: Runs Cucumber Scenarios<br>Parameters: "verify that the user able to enter into the account using login credentials", "Optional[parabank]"</td>
<td></td>
<td>3</td>
<td>runner.RunnerTest@1613674b</td></tr>
<tr>
<td title='runner.RunnerTest.runScenario()'><b>runScenario</b><br>Test class: runner.RunnerTest<br>Test method: Runs Cucumber Scenarios<br>Parameters: "verify that the user able to enter into the account using login credentials", "Optional[parabank]"</td>
<td></td>
<td>2</td>
<td>runner.RunnerTest@1613674b</td></tr>
<tr>
<td title='runner.RunnerTest.runScenario()'><b>runScenario</b><br>Test class: runner.RunnerTest<br>Test method: Runs Cucumber Scenarios<br>Parameters: "verify that the user able to enter into the account using login credentials", "Optional[parabank]"</td>
<td></td>
<td>2</td>
<td>runner.RunnerTest@1613674b</td></tr>
</table><p>
</body>
</html>